2025-06-07 17:21:48,236 - INFO - BEGIN (implicit)
2025-06-07 17:21:48,236 - INFO - PRAGMA main.table_info("benefit")
2025-06-07 17:21:48,236 - INFO - [raw sql] ()
2025-06-07 17:21:48,237 - INFO - PRAGMA temp.table_info("benefit")
2025-06-07 17:21:48,237 - INFO - [raw sql] ()
2025-06-07 17:21:48,237 - INFO - PRAGMA main.table_info("employee")
2025-06-07 17:21:48,237 - INFO - [raw sql] ()
2025-06-07 17:21:48,237 - INFO - PRAGMA temp.table_info("employee")
2025-06-07 17:21:48,238 - INFO - [raw sql] ()
2025-06-07 17:21:48,238 - INFO - PRAGMA main.table_info("department")
2025-06-07 17:21:48,238 - INFO - [raw sql] ()
2025-06-07 17:21:48,238 - INFO - PRAGMA temp.table_info("department")
2025-06-07 17:21:48,238 - INFO - [raw sql] ()
2025-06-07 17:21:48,238 - INFO - PRAGMA main.table_info("employeebenefit")
2025-06-07 17:21:48,238 - INFO - [raw sql] ()
2025-06-07 17:21:48,238 - INFO - PRAGMA temp.table_info("employeebenefit")
2025-06-07 17:21:48,238 - INFO - [raw sql] ()
2025-06-07 17:21:48,238 - INFO - PRAGMA main.table_info("payroll")
2025-06-07 17:21:48,238 - INFO - [raw sql] ()
2025-06-07 17:21:48,238 - INFO - PRAGMA temp.table_info("payroll")
2025-06-07 17:21:48,239 - INFO - [raw sql] ()
2025-06-07 17:28:39,107 - INFO - BEGIN (implicit)
2025-06-07 17:28:39,107 - INFO - PRAGMA main.table_info("benefit")
2025-06-07 17:28:39,107 - INFO - [raw sql] ()
2025-06-07 17:28:39,107 - INFO - PRAGMA main.table_info("employee")
2025-06-07 17:28:39,107 - INFO - [raw sql] ()
2025-06-07 17:28:39,107 - INFO - PRAGMA main.table_info("department")
2025-06-07 17:28:39,107 - INFO - [raw sql] ()
2025-06-07 17:28:39,107 - INFO - PRAGMA main.table_info("employeebenefit")
2025-06-07 17:28:39,107 - INFO - [raw sql] ()
2025-06-07 17:28:39,107 - INFO - PRAGMA main.table_info("payroll")
2025-06-07 17:28:39,107 - INFO - [raw sql] ()
2025-06-07 17:28:39,108 - INFO - COMMIT
2025-06-08 12:19:13,803 - INFO - BEGIN (implicit)
2025-06-08 12:19:13,803 - INFO - PRAGMA main.table_info("benefit")
2025-06-08 12:19:13,803 - INFO - [raw sql] ()
2025-06-08 12:19:13,804 - INFO - PRAGMA main.table_info("employee")
2025-06-08 12:19:13,804 - INFO - [raw sql] ()
2025-06-08 12:19:13,804 - INFO - PRAGMA main.table_info("department")
2025-06-08 12:19:13,804 - INFO - [raw sql] ()
2025-06-08 12:19:13,804 - INFO - PRAGMA main.table_info("employeebenefit")
2025-06-08 12:19:13,804 - INFO - [raw sql] ()
2025-06-08 12:19:13,804 - INFO - PRAGMA main.table_info("payroll")
2025-06-08 12:19:13,804 - INFO - [raw sql] ()
2025-06-08 12:19:13,804 - INFO - COMMIT
2025-06-08 12:19:35,483 - ERROR - Erro ao criar folha de pagamento
Traceback (most recent call last):
  File "/home/erick/Documentos/Faculdade/7° Semestre/Persistencia/Persistencia_TP1/.venv/lib/python3.12/site-packages/sqlalchemy/orm/relationships.py", line 2435, in _determine_joins
    self.primaryjoin = join_condition(
                       ^^^^^^^^^^^^^^^
  File "/home/erick/Documentos/Faculdade/7° Semestre/Persistencia/Persistencia_TP1/.venv/lib/python3.12/site-packages/sqlalchemy/sql/util.py", line 123, in join_condition
    return Join._join_condition(
           ^^^^^^^^^^^^^^^^^^^^^
  File "/home/erick/Documentos/Faculdade/7° Semestre/Persistencia/Persistencia_TP1/.venv/lib/python3.12/site-packages/sqlalchemy/sql/selectable.py", line 1444, in _join_condition
    raise exc.NoForeignKeysError(
sqlalchemy.exc.NoForeignKeysError: Can't find any foreign key relationships between 'employee' and 'payroll'.

The above exception was the direct cause of the following exception:

Traceback (most recent call last):
  File "/home/erick/Área de trabalho/Persistencia_TP2/app/routers/PayrollRouter.py", line 19, in create_payroll
    db_payroll = Payroll.model_validate(payroll)
                 ^^^^^^^^^^^^^^^^^^^^^^^^^^^^^^^
  File "/home/erick/Documentos/Faculdade/7° Semestre/Persistencia/Persistencia_TP1/.venv/lib/python3.12/site-packages/sqlmodel/main.py", line 851, in model_validate
    return sqlmodel_validate(
           ^^^^^^^^^^^^^^^^^^
  File "/home/erick/Documentos/Faculdade/7° Semestre/Persistencia/Persistencia_TP1/.venv/lib/python3.12/site-packages/sqlmodel/_compat.py", line 540, in sqlmodel_validate
    m = cls()
        ^^^^^
  File "<string>", line 4, in __init__
  File "/home/erick/Documentos/Faculdade/7° Semestre/Persistencia/Persistencia_TP1/.venv/lib/python3.12/site-packages/sqlalchemy/orm/state.py", line 566, in _initialize_instance
    manager.dispatch.init(self, args, kwargs)
  File "/home/erick/Documentos/Faculdade/7° Semestre/Persistencia/Persistencia_TP1/.venv/lib/python3.12/site-packages/sqlalchemy/event/attr.py", line 497, in __call__
    fn(*args, **kw)
  File "/home/erick/Documentos/Faculdade/7° Semestre/Persistencia/Persistencia_TP1/.venv/lib/python3.12/site-packages/sqlalchemy/orm/mapper.py", line 4406, in _event_on_init
    instrumenting_mapper._check_configure()
  File "/home/erick/Documentos/Faculdade/7° Semestre/Persistencia/Persistencia_TP1/.venv/lib/python3.12/site-packages/sqlalchemy/orm/mapper.py", line 2401, in _check_configure
    _configure_registries({self.registry}, cascade=True)
  File "/home/erick/Documentos/Faculdade/7° Semestre/Persistencia/Persistencia_TP1/.venv/lib/python3.12/site-packages/sqlalchemy/orm/mapper.py", line 4214, in _configure_registries
    _do_configure_registries(registries, cascade)
  File "/home/erick/Documentos/Faculdade/7° Semestre/Persistencia/Persistencia_TP1/.venv/lib/python3.12/site-packages/sqlalchemy/orm/mapper.py", line 4255, in _do_configure_registries
    mapper._post_configure_properties()
  File "/home/erick/Documentos/Faculdade/7° Semestre/Persistencia/Persistencia_TP1/.venv/lib/python3.12/site-packages/sqlalchemy/orm/mapper.py", line 2418, in _post_configure_properties
    prop.init()
  File "/home/erick/Documentos/Faculdade/7° Semestre/Persistencia/Persistencia_TP1/.venv/lib/python3.12/site-packages/sqlalchemy/orm/interfaces.py", line 589, in init
    self.do_init()
  File "/home/erick/Documentos/Faculdade/7° Semestre/Persistencia/Persistencia_TP1/.venv/lib/python3.12/site-packages/sqlalchemy/orm/relationships.py", line 1658, in do_init
    self._setup_join_conditions()
  File "/home/erick/Documentos/Faculdade/7° Semestre/Persistencia/Persistencia_TP1/.venv/lib/python3.12/site-packages/sqlalchemy/orm/relationships.py", line 1896, in _setup_join_conditions
    self._join_condition = jc = JoinCondition(
                                ^^^^^^^^^^^^^^
  File "/home/erick/Documentos/Faculdade/7° Semestre/Persistencia/Persistencia_TP1/.venv/lib/python3.12/site-packages/sqlalchemy/orm/relationships.py", line 2322, in __init__
    self._determine_joins()
  File "/home/erick/Documentos/Faculdade/7° Semestre/Persistencia/Persistencia_TP1/.venv/lib/python3.12/site-packages/sqlalchemy/orm/relationships.py", line 2456, in _determine_joins
    raise sa_exc.NoForeignKeysError(
sqlalchemy.exc.NoForeignKeysError: Could not determine join condition between parent/child tables on relationship Employee.payrolls - there are no foreign keys linking these tables.  Ensure that referencing columns are associated with a ForeignKey or ForeignKeyConstraint, or specify a 'primaryjoin' expression.
2025-06-08 12:19:45,023 - INFO - BEGIN (implicit)
2025-06-08 12:19:45,024 - INFO - ROLLBACK
2025-06-08 12:19:45,024 - ERROR - Erro ao listar todas as folhas de pagamento
Traceback (most recent call last):
  File "/home/erick/Área de trabalho/Persistencia_TP2/app/routers/PayrollRouter.py", line 36, in get_all_payrolls
    payrolls = session.exec(select(Payroll)).all()
               ^^^^^^^^^^^^^^^^^^^^^^^^^^^^^
  File "/home/erick/Documentos/Faculdade/7° Semestre/Persistencia/Persistencia_TP1/.venv/lib/python3.12/site-packages/sqlmodel/orm/session.py", line 66, in exec
    results = super().execute(
              ^^^^^^^^^^^^^^^^
  File "/home/erick/Documentos/Faculdade/7° Semestre/Persistencia/Persistencia_TP1/.venv/lib/python3.12/site-packages/sqlalchemy/orm/session.py", line 2365, in execute
    return self._execute_internal(
           ^^^^^^^^^^^^^^^^^^^^^^^
  File "/home/erick/Documentos/Faculdade/7° Semestre/Persistencia/Persistencia_TP1/.venv/lib/python3.12/site-packages/sqlalchemy/orm/session.py", line 2251, in _execute_internal
    result: Result[Any] = compile_state_cls.orm_execute_statement(
                          ^^^^^^^^^^^^^^^^^^^^^^^^^^^^^^^^^^^^^^^^
  File "/home/erick/Documentos/Faculdade/7° Semestre/Persistencia/Persistencia_TP1/.venv/lib/python3.12/site-packages/sqlalchemy/orm/context.py", line 306, in orm_execute_statement
    result = conn.execute(
             ^^^^^^^^^^^^^
  File "/home/erick/Documentos/Faculdade/7° Semestre/Persistencia/Persistencia_TP1/.venv/lib/python3.12/site-packages/sqlalchemy/engine/base.py", line 1415, in execute
    return meth(
           ^^^^^
  File "/home/erick/Documentos/Faculdade/7° Semestre/Persistencia/Persistencia_TP1/.venv/lib/python3.12/site-packages/sqlalchemy/sql/elements.py", line 523, in _execute_on_connection
    return connection._execute_clauseelement(
           ^^^^^^^^^^^^^^^^^^^^^^^^^^^^^^^^^^
  File "/home/erick/Documentos/Faculdade/7° Semestre/Persistencia/Persistencia_TP1/.venv/lib/python3.12/site-packages/sqlalchemy/engine/base.py", line 1629, in _execute_clauseelement
    compiled_sql, extracted_params, cache_hit = elem._compile_w_cache(
                                                ^^^^^^^^^^^^^^^^^^^^^^
  File "/home/erick/Documentos/Faculdade/7° Semestre/Persistencia/Persistencia_TP1/.venv/lib/python3.12/site-packages/sqlalchemy/sql/elements.py", line 711, in _compile_w_cache
    compiled_sql = self._compiler(
                   ^^^^^^^^^^^^^^^
  File "/home/erick/Documentos/Faculdade/7° Semestre/Persistencia/Persistencia_TP1/.venv/lib/python3.12/site-packages/sqlalchemy/sql/elements.py", line 320, in _compiler
    return dialect.statement_compiler(dialect, self, **kw)
           ^^^^^^^^^^^^^^^^^^^^^^^^^^^^^^^^^^^^^^^^^^^^^^^
  File "/home/erick/Documentos/Faculdade/7° Semestre/Persistencia/Persistencia_TP1/.venv/lib/python3.12/site-packages/sqlalchemy/sql/compiler.py", line 1446, in __init__
    Compiled.__init__(self, dialect, statement, **kwargs)
  File "/home/erick/Documentos/Faculdade/7° Semestre/Persistencia/Persistencia_TP1/.venv/lib/python3.12/site-packages/sqlalchemy/sql/compiler.py", line 886, in __init__
    self.string = self.process(self.statement, **compile_kwargs)
                  ^^^^^^^^^^^^^^^^^^^^^^^^^^^^^^^^^^^^^^^^^^^^^^
  File "/home/erick/Documentos/Faculdade/7° Semestre/Persistencia/Persistencia_TP1/.venv/lib/python3.12/site-packages/sqlalchemy/sql/compiler.py", line 932, in process
    return obj._compiler_dispatch(self, **kwargs)
           ^^^^^^^^^^^^^^^^^^^^^^^^^^^^^^^^^^^^^^
  File "/home/erick/Documentos/Faculdade/7° Semestre/Persistencia/Persistencia_TP1/.venv/lib/python3.12/site-packages/sqlalchemy/sql/visitors.py", line 141, in _compiler_dispatch
    return meth(self, **kw)  # type: ignore  # noqa: E501
           ^^^^^^^^^^^^^^^^
  File "/home/erick/Documentos/Faculdade/7° Semestre/Persistencia/Persistencia_TP1/.venv/lib/python3.12/site-packages/sqlalchemy/sql/compiler.py", line 4728, in visit_select
    compile_state = select_stmt._compile_state_factory(
                    ^^^^^^^^^^^^^^^^^^^^^^^^^^^^^^^^^^^
  File "/home/erick/Documentos/Faculdade/7° Semestre/Persistencia/Persistencia_TP1/.venv/lib/python3.12/site-packages/sqlalchemy/sql/base.py", line 687, in create_for_statement
    return klass.create_for_statement(statement, compiler, **kw)
           ^^^^^^^^^^^^^^^^^^^^^^^^^^^^^^^^^^^^^^^^^^^^^^^^^^^^^
  File "/home/erick/Documentos/Faculdade/7° Semestre/Persistencia/Persistencia_TP1/.venv/lib/python3.12/site-packages/sqlalchemy/orm/context.py", line 447, in create_for_statement
    return cls._create_orm_context(
           ^^^^^^^^^^^^^^^^^^^^^^^^
  File "/home/erick/Documentos/Faculdade/7° Semestre/Persistencia/Persistencia_TP1/.venv/lib/python3.12/site-packages/sqlalchemy/orm/context.py", line 1175, in _create_orm_context
    _QueryEntity.to_compile_state(
  File "/home/erick/Documentos/Faculdade/7° Semestre/Persistencia/Persistencia_TP1/.venv/lib/python3.12/site-packages/sqlalchemy/orm/context.py", line 2628, in to_compile_state
    _MapperEntity(
  File "/home/erick/Documentos/Faculdade/7° Semestre/Persistencia/Persistencia_TP1/.venv/lib/python3.12/site-packages/sqlalchemy/orm/context.py", line 2708, in __init__
    entity._post_inspect
  File "/home/erick/Documentos/Faculdade/7° Semestre/Persistencia/Persistencia_TP1/.venv/lib/python3.12/site-packages/sqlalchemy/util/langhelpers.py", line 1338, in __get__
    obj.__dict__[self.__name__] = result = self.fget(obj)
                                           ^^^^^^^^^^^^^^
  File "/home/erick/Documentos/Faculdade/7° Semestre/Persistencia/Persistencia_TP1/.venv/lib/python3.12/site-packages/sqlalchemy/orm/mapper.py", line 2724, in _post_inspect
    self._check_configure()
  File "/home/erick/Documentos/Faculdade/7° Semestre/Persistencia/Persistencia_TP1/.venv/lib/python3.12/site-packages/sqlalchemy/orm/mapper.py", line 2401, in _check_configure
    _configure_registries({self.registry}, cascade=True)
  File "/home/erick/Documentos/Faculdade/7° Semestre/Persistencia/Persistencia_TP1/.venv/lib/python3.12/site-packages/sqlalchemy/orm/mapper.py", line 4214, in _configure_registries
    _do_configure_registries(registries, cascade)
  File "/home/erick/Documentos/Faculdade/7° Semestre/Persistencia/Persistencia_TP1/.venv/lib/python3.12/site-packages/sqlalchemy/orm/mapper.py", line 4251, in _do_configure_registries
    raise e
sqlalchemy.exc.InvalidRequestError: One or more mappers failed to initialize - can't proceed with initialization of other mappers. Triggering mapper: 'Mapper[Employee(employee)]'. Original exception was: Could not determine join condition between parent/child tables on relationship Employee.payrolls - there are no foreign keys linking these tables.  Ensure that referencing columns are associated with a ForeignKey or ForeignKeyConstraint, or specify a 'primaryjoin' expression.
2025-06-08 12:20:50,499 - ERROR - Erro ao obter todos os funcionários.
Traceback (most recent call last):
  File "/home/erick/Área de trabalho/Persistencia_TP2/app/routers/EmployeeRouter.py", line 14, in get_all_employees
    employees = session.query(Employee).all()
                ^^^^^^^^^^^^^^^^^^^^^^^
  File "/home/erick/Documentos/Faculdade/7° Semestre/Persistencia/Persistencia_TP1/.venv/lib/python3.12/site-packages/typing_extensions.py", line 3253, in wrapper
    return arg(*args, **kwargs)
           ^^^^^^^^^^^^^^^^^^^^
  File "/home/erick/Documentos/Faculdade/7° Semestre/Persistencia/Persistencia_TP1/.venv/lib/python3.12/site-packages/sqlmodel/orm/session.py", line 159, in query
    return super().query(*entities, **kwargs)
           ^^^^^^^^^^^^^^^^^^^^^^^^^^^^^^^^^^
  File "/home/erick/Documentos/Faculdade/7° Semestre/Persistencia/Persistencia_TP1/.venv/lib/python3.12/site-packages/sqlalchemy/orm/session.py", line 2955, in query
    return self._query_cls(entities, self, **kwargs)
           ^^^^^^^^^^^^^^^^^^^^^^^^^^^^^^^^^^^^^^^^^
  File "/home/erick/Documentos/Faculdade/7° Semestre/Persistencia/Persistencia_TP1/.venv/lib/python3.12/site-packages/sqlalchemy/orm/query.py", line 276, in __init__
    self._set_entities(entities)
  File "/home/erick/Documentos/Faculdade/7° Semestre/Persistencia/Persistencia_TP1/.venv/lib/python3.12/site-packages/sqlalchemy/orm/query.py", line 289, in _set_entities
    coercions.expect(
  File "/home/erick/Documentos/Faculdade/7° Semestre/Persistencia/Persistencia_TP1/.venv/lib/python3.12/site-packages/sqlalchemy/sql/coercions.py", line 388, in expect
    insp._post_inspect
  File "/home/erick/Documentos/Faculdade/7° Semestre/Persistencia/Persistencia_TP1/.venv/lib/python3.12/site-packages/sqlalchemy/util/langhelpers.py", line 1338, in __get__
    obj.__dict__[self.__name__] = result = self.fget(obj)
                                           ^^^^^^^^^^^^^^
  File "/home/erick/Documentos/Faculdade/7° Semestre/Persistencia/Persistencia_TP1/.venv/lib/python3.12/site-packages/sqlalchemy/orm/mapper.py", line 2724, in _post_inspect
    self._check_configure()
  File "/home/erick/Documentos/Faculdade/7° Semestre/Persistencia/Persistencia_TP1/.venv/lib/python3.12/site-packages/sqlalchemy/orm/mapper.py", line 2401, in _check_configure
    _configure_registries({self.registry}, cascade=True)
  File "/home/erick/Documentos/Faculdade/7° Semestre/Persistencia/Persistencia_TP1/.venv/lib/python3.12/site-packages/sqlalchemy/orm/mapper.py", line 4214, in _configure_registries
    _do_configure_registries(registries, cascade)
  File "/home/erick/Documentos/Faculdade/7° Semestre/Persistencia/Persistencia_TP1/.venv/lib/python3.12/site-packages/sqlalchemy/orm/mapper.py", line 4251, in _do_configure_registries
    raise e
sqlalchemy.exc.InvalidRequestError: One or more mappers failed to initialize - can't proceed with initialization of other mappers. Triggering mapper: 'Mapper[Employee(employee)]'. Original exception was: Could not determine join condition between parent/child tables on relationship Employee.payrolls - there are no foreign keys linking these tables.  Ensure that referencing columns are associated with a ForeignKey or ForeignKeyConstraint, or specify a 'primaryjoin' expression.
2025-06-08 12:20:52,039 - ERROR - Erro ao obter todos os funcionários.
Traceback (most recent call last):
  File "/home/erick/Área de trabalho/Persistencia_TP2/app/routers/EmployeeRouter.py", line 14, in get_all_employees
    employees = session.query(Employee).all()
                ^^^^^^^^^^^^^^^^^^^^^^^
  File "/home/erick/Documentos/Faculdade/7° Semestre/Persistencia/Persistencia_TP1/.venv/lib/python3.12/site-packages/typing_extensions.py", line 3253, in wrapper
    return arg(*args, **kwargs)
           ^^^^^^^^^^^^^^^^^^^^
  File "/home/erick/Documentos/Faculdade/7° Semestre/Persistencia/Persistencia_TP1/.venv/lib/python3.12/site-packages/sqlmodel/orm/session.py", line 159, in query
    return super().query(*entities, **kwargs)
           ^^^^^^^^^^^^^^^^^^^^^^^^^^^^^^^^^^
  File "/home/erick/Documentos/Faculdade/7° Semestre/Persistencia/Persistencia_TP1/.venv/lib/python3.12/site-packages/sqlalchemy/orm/session.py", line 2955, in query
    return self._query_cls(entities, self, **kwargs)
           ^^^^^^^^^^^^^^^^^^^^^^^^^^^^^^^^^^^^^^^^^
  File "/home/erick/Documentos/Faculdade/7° Semestre/Persistencia/Persistencia_TP1/.venv/lib/python3.12/site-packages/sqlalchemy/orm/query.py", line 276, in __init__
    self._set_entities(entities)
  File "/home/erick/Documentos/Faculdade/7° Semestre/Persistencia/Persistencia_TP1/.venv/lib/python3.12/site-packages/sqlalchemy/orm/query.py", line 289, in _set_entities
    coercions.expect(
  File "/home/erick/Documentos/Faculdade/7° Semestre/Persistencia/Persistencia_TP1/.venv/lib/python3.12/site-packages/sqlalchemy/sql/coercions.py", line 388, in expect
    insp._post_inspect
  File "/home/erick/Documentos/Faculdade/7° Semestre/Persistencia/Persistencia_TP1/.venv/lib/python3.12/site-packages/sqlalchemy/util/langhelpers.py", line 1338, in __get__
    obj.__dict__[self.__name__] = result = self.fget(obj)
                                           ^^^^^^^^^^^^^^
  File "/home/erick/Documentos/Faculdade/7° Semestre/Persistencia/Persistencia_TP1/.venv/lib/python3.12/site-packages/sqlalchemy/orm/mapper.py", line 2724, in _post_inspect
    self._check_configure()
  File "/home/erick/Documentos/Faculdade/7° Semestre/Persistencia/Persistencia_TP1/.venv/lib/python3.12/site-packages/sqlalchemy/orm/mapper.py", line 2401, in _check_configure
    _configure_registries({self.registry}, cascade=True)
  File "/home/erick/Documentos/Faculdade/7° Semestre/Persistencia/Persistencia_TP1/.venv/lib/python3.12/site-packages/sqlalchemy/orm/mapper.py", line 4214, in _configure_registries
    _do_configure_registries(registries, cascade)
  File "/home/erick/Documentos/Faculdade/7° Semestre/Persistencia/Persistencia_TP1/.venv/lib/python3.12/site-packages/sqlalchemy/orm/mapper.py", line 4251, in _do_configure_registries
    raise e
sqlalchemy.exc.InvalidRequestError: One or more mappers failed to initialize - can't proceed with initialization of other mappers. Triggering mapper: 'Mapper[Employee(employee)]'. Original exception was: Could not determine join condition between parent/child tables on relationship Employee.payrolls - there are no foreign keys linking these tables.  Ensure that referencing columns are associated with a ForeignKey or ForeignKeyConstraint, or specify a 'primaryjoin' expression.
2025-06-08 12:20:58,740 - ERROR - Erro ao listar departamentos
Traceback (most recent call last):
  File "/home/erick/Área de trabalho/Persistencia_TP2/app/routers/DepartmentRouter.py", line 150, in get_all_departments
    departments = session.query(Department).options(
                  ^^^^^^^^^^^^^^^^^^^^^^^^^
  File "/home/erick/Documentos/Faculdade/7° Semestre/Persistencia/Persistencia_TP1/.venv/lib/python3.12/site-packages/typing_extensions.py", line 3253, in wrapper
    return arg(*args, **kwargs)
           ^^^^^^^^^^^^^^^^^^^^
  File "/home/erick/Documentos/Faculdade/7° Semestre/Persistencia/Persistencia_TP1/.venv/lib/python3.12/site-packages/sqlmodel/orm/session.py", line 159, in query
    return super().query(*entities, **kwargs)
           ^^^^^^^^^^^^^^^^^^^^^^^^^^^^^^^^^^
  File "/home/erick/Documentos/Faculdade/7° Semestre/Persistencia/Persistencia_TP1/.venv/lib/python3.12/site-packages/sqlalchemy/orm/session.py", line 2955, in query
    return self._query_cls(entities, self, **kwargs)
           ^^^^^^^^^^^^^^^^^^^^^^^^^^^^^^^^^^^^^^^^^
  File "/home/erick/Documentos/Faculdade/7° Semestre/Persistencia/Persistencia_TP1/.venv/lib/python3.12/site-packages/sqlalchemy/orm/query.py", line 276, in __init__
    self._set_entities(entities)
  File "/home/erick/Documentos/Faculdade/7° Semestre/Persistencia/Persistencia_TP1/.venv/lib/python3.12/site-packages/sqlalchemy/orm/query.py", line 289, in _set_entities
    coercions.expect(
  File "/home/erick/Documentos/Faculdade/7° Semestre/Persistencia/Persistencia_TP1/.venv/lib/python3.12/site-packages/sqlalchemy/sql/coercions.py", line 388, in expect
    insp._post_inspect
  File "/home/erick/Documentos/Faculdade/7° Semestre/Persistencia/Persistencia_TP1/.venv/lib/python3.12/site-packages/sqlalchemy/util/langhelpers.py", line 1338, in __get__
    obj.__dict__[self.__name__] = result = self.fget(obj)
                                           ^^^^^^^^^^^^^^
  File "/home/erick/Documentos/Faculdade/7° Semestre/Persistencia/Persistencia_TP1/.venv/lib/python3.12/site-packages/sqlalchemy/orm/mapper.py", line 2724, in _post_inspect
    self._check_configure()
  File "/home/erick/Documentos/Faculdade/7° Semestre/Persistencia/Persistencia_TP1/.venv/lib/python3.12/site-packages/sqlalchemy/orm/mapper.py", line 2401, in _check_configure
    _configure_registries({self.registry}, cascade=True)
  File "/home/erick/Documentos/Faculdade/7° Semestre/Persistencia/Persistencia_TP1/.venv/lib/python3.12/site-packages/sqlalchemy/orm/mapper.py", line 4214, in _configure_registries
    _do_configure_registries(registries, cascade)
  File "/home/erick/Documentos/Faculdade/7° Semestre/Persistencia/Persistencia_TP1/.venv/lib/python3.12/site-packages/sqlalchemy/orm/mapper.py", line 4251, in _do_configure_registries
    raise e
sqlalchemy.exc.InvalidRequestError: One or more mappers failed to initialize - can't proceed with initialization of other mappers. Triggering mapper: 'Mapper[Employee(employee)]'. Original exception was: Could not determine join condition between parent/child tables on relationship Employee.payrolls - there are no foreign keys linking these tables.  Ensure that referencing columns are associated with a ForeignKey or ForeignKeyConstraint, or specify a 'primaryjoin' expression.
2025-06-08 12:28:44,220 - INFO - BEGIN (implicit)
2025-06-08 12:28:44,220 - INFO - PRAGMA main.table_info("benefit")
2025-06-08 12:28:44,220 - INFO - [raw sql] ()
2025-06-08 12:28:44,221 - INFO - PRAGMA main.table_info("employee")
2025-06-08 12:28:44,221 - INFO - [raw sql] ()
2025-06-08 12:28:44,221 - INFO - PRAGMA main.table_info("department")
2025-06-08 12:28:44,221 - INFO - [raw sql] ()
2025-06-08 12:28:44,221 - INFO - PRAGMA main.table_info("employeebenefit")
2025-06-08 12:28:44,221 - INFO - [raw sql] ()
2025-06-08 12:28:44,221 - INFO - PRAGMA main.table_info("payroll")
2025-06-08 12:28:44,221 - INFO - [raw sql] ()
2025-06-08 12:28:44,221 - INFO - COMMIT
2025-06-08 12:28:53,433 - INFO - BEGIN (implicit)
2025-06-08 12:28:53,433 - INFO - PRAGMA main.table_info("benefit")
2025-06-08 12:28:53,433 - INFO - [raw sql] ()
2025-06-08 12:28:53,434 - INFO - PRAGMA main.table_info("employee")
2025-06-08 12:28:53,434 - INFO - [raw sql] ()
2025-06-08 12:28:53,434 - INFO - PRAGMA main.table_info("department")
2025-06-08 12:28:53,434 - INFO - [raw sql] ()
2025-06-08 12:28:53,434 - INFO - PRAGMA main.table_info("employeebenefit")
2025-06-08 12:28:53,434 - INFO - [raw sql] ()
2025-06-08 12:28:53,434 - INFO - PRAGMA main.table_info("payroll")
2025-06-08 12:28:53,434 - INFO - [raw sql] ()
2025-06-08 12:28:53,434 - INFO - COMMIT
2025-06-08 12:29:04,632 - INFO - BEGIN (implicit)
2025-06-08 12:29:04,632 - INFO - PRAGMA main.table_info("benefit")
2025-06-08 12:29:04,632 - INFO - [raw sql] ()
2025-06-08 12:29:04,633 - INFO - PRAGMA main.table_info("employee")
2025-06-08 12:29:04,633 - INFO - [raw sql] ()
2025-06-08 12:29:04,633 - INFO - PRAGMA main.table_info("department")
2025-06-08 12:29:04,633 - INFO - [raw sql] ()
2025-06-08 12:29:04,633 - INFO - PRAGMA main.table_info("employeebenefit")
2025-06-08 12:29:04,633 - INFO - [raw sql] ()
2025-06-08 12:29:04,633 - INFO - PRAGMA main.table_info("payroll")
2025-06-08 12:29:04,633 - INFO - [raw sql] ()
2025-06-08 12:29:04,633 - INFO - COMMIT
2025-06-08 12:29:41,438 - INFO - BEGIN (implicit)
2025-06-08 12:29:41,438 - INFO - PRAGMA main.table_info("benefit")
2025-06-08 12:29:41,438 - INFO - [raw sql] ()
2025-06-08 12:29:41,439 - INFO - PRAGMA main.table_info("employee")
2025-06-08 12:29:41,439 - INFO - [raw sql] ()
2025-06-08 12:29:41,439 - INFO - PRAGMA main.table_info("department")
2025-06-08 12:29:41,439 - INFO - [raw sql] ()
2025-06-08 12:29:41,439 - INFO - PRAGMA main.table_info("employeebenefit")
2025-06-08 12:29:41,439 - INFO - [raw sql] ()
2025-06-08 12:29:41,439 - INFO - PRAGMA main.table_info("payroll")
2025-06-08 12:29:41,439 - INFO - [raw sql] ()
2025-06-08 12:29:41,439 - INFO - COMMIT
2025-06-08 12:30:12,431 - INFO - BEGIN (implicit)
2025-06-08 12:30:12,431 - INFO - PRAGMA main.table_info("benefit")
2025-06-08 12:30:12,431 - INFO - [raw sql] ()
2025-06-08 12:30:12,431 - INFO - PRAGMA main.table_info("employee")
2025-06-08 12:30:12,432 - INFO - [raw sql] ()
2025-06-08 12:30:12,432 - INFO - PRAGMA main.table_info("department")
2025-06-08 12:30:12,432 - INFO - [raw sql] ()
2025-06-08 12:30:12,432 - INFO - PRAGMA main.table_info("employeebenefit")
2025-06-08 12:30:12,432 - INFO - [raw sql] ()
2025-06-08 12:30:12,432 - INFO - PRAGMA main.table_info("payroll")
2025-06-08 12:30:12,432 - INFO - [raw sql] ()
2025-06-08 12:30:12,432 - INFO - COMMIT
2025-06-08 12:30:33,096 - INFO - BEGIN (implicit)
2025-06-08 12:30:33,096 - INFO - PRAGMA main.table_info("benefit")
2025-06-08 12:30:33,096 - INFO - [raw sql] ()
2025-06-08 12:30:33,096 - INFO - PRAGMA main.table_info("employee")
2025-06-08 12:30:33,096 - INFO - [raw sql] ()
2025-06-08 12:30:33,096 - INFO - PRAGMA main.table_info("department")
2025-06-08 12:30:33,097 - INFO - [raw sql] ()
2025-06-08 12:30:33,097 - INFO - PRAGMA main.table_info("employeebenefit")
2025-06-08 12:30:33,097 - INFO - [raw sql] ()
2025-06-08 12:30:33,097 - INFO - PRAGMA main.table_info("payroll")
2025-06-08 12:30:33,097 - INFO - [raw sql] ()
2025-06-08 12:30:33,097 - INFO - COMMIT
2025-06-08 12:31:43,652 - INFO - BEGIN (implicit)
2025-06-08 12:31:43,652 - INFO - PRAGMA main.table_info("benefit")
2025-06-08 12:31:43,652 - INFO - [raw sql] ()
2025-06-08 12:31:43,652 - INFO - PRAGMA main.table_info("employee")
2025-06-08 12:31:43,652 - INFO - [raw sql] ()
2025-06-08 12:31:43,652 - INFO - PRAGMA main.table_info("department")
2025-06-08 12:31:43,652 - INFO - [raw sql] ()
2025-06-08 12:31:43,652 - INFO - PRAGMA main.table_info("employeebenefit")
2025-06-08 12:31:43,652 - INFO - [raw sql] ()
2025-06-08 12:31:43,653 - INFO - PRAGMA main.table_info("payroll")
2025-06-08 12:31:43,653 - INFO - [raw sql] ()
2025-06-08 12:31:43,653 - INFO - COMMIT
2025-06-08 12:32:28,988 - INFO - BEGIN (implicit)
2025-06-08 12:32:28,988 - INFO - PRAGMA main.table_info("benefit")
2025-06-08 12:32:28,989 - INFO - [raw sql] ()
2025-06-08 12:32:28,989 - INFO - PRAGMA main.table_info("employee")
2025-06-08 12:32:28,989 - INFO - [raw sql] ()
2025-06-08 12:32:28,989 - INFO - PRAGMA main.table_info("department")
2025-06-08 12:32:28,989 - INFO - [raw sql] ()
2025-06-08 12:32:28,989 - INFO - PRAGMA main.table_info("employeebenefit")
2025-06-08 12:32:28,989 - INFO - [raw sql] ()
2025-06-08 12:32:28,989 - INFO - PRAGMA main.table_info("payroll")
2025-06-08 12:32:28,989 - INFO - [raw sql] ()
2025-06-08 12:32:28,989 - INFO - COMMIT
2025-06-08 12:32:36,980 - INFO - BEGIN (implicit)
2025-06-08 12:32:36,980 - INFO - PRAGMA main.table_info("benefit")
2025-06-08 12:32:36,980 - INFO - [raw sql] ()
2025-06-08 12:32:36,980 - INFO - PRAGMA main.table_info("employee")
2025-06-08 12:32:36,981 - INFO - [raw sql] ()
2025-06-08 12:32:36,981 - INFO - PRAGMA main.table_info("department")
2025-06-08 12:32:36,981 - INFO - [raw sql] ()
2025-06-08 12:32:36,981 - INFO - PRAGMA main.table_info("employeebenefit")
2025-06-08 12:32:36,981 - INFO - [raw sql] ()
2025-06-08 12:32:36,981 - INFO - PRAGMA main.table_info("payroll")
2025-06-08 12:32:36,981 - INFO - [raw sql] ()
2025-06-08 12:32:36,981 - INFO - COMMIT
2025-06-08 12:33:24,469 - INFO - BEGIN (implicit)
2025-06-08 12:33:24,469 - INFO - PRAGMA main.table_info("benefit")
2025-06-08 12:33:24,469 - INFO - [raw sql] ()
2025-06-08 12:33:24,469 - INFO - PRAGMA main.table_info("employee")
2025-06-08 12:33:24,469 - INFO - [raw sql] ()
2025-06-08 12:33:24,469 - INFO - PRAGMA main.table_info("department")
2025-06-08 12:33:24,469 - INFO - [raw sql] ()
2025-06-08 12:33:24,469 - INFO - PRAGMA main.table_info("employeebenefit")
2025-06-08 12:33:24,470 - INFO - [raw sql] ()
2025-06-08 12:33:24,470 - INFO - PRAGMA main.table_info("payroll")
2025-06-08 12:33:24,470 - INFO - [raw sql] ()
2025-06-08 12:33:24,470 - INFO - COMMIT
2025-06-08 12:33:57,061 - INFO - BEGIN (implicit)
2025-06-08 12:33:57,061 - INFO - PRAGMA main.table_info("benefit")
2025-06-08 12:33:57,062 - INFO - [raw sql] ()
2025-06-08 12:33:57,062 - INFO - PRAGMA main.table_info("employee")
2025-06-08 12:33:57,062 - INFO - [raw sql] ()
2025-06-08 12:33:57,062 - INFO - PRAGMA main.table_info("department")
2025-06-08 12:33:57,062 - INFO - [raw sql] ()
2025-06-08 12:33:57,062 - INFO - PRAGMA main.table_info("employeebenefit")
2025-06-08 12:33:57,062 - INFO - [raw sql] ()
2025-06-08 12:33:57,062 - INFO - PRAGMA main.table_info("payroll")
2025-06-08 12:33:57,062 - INFO - [raw sql] ()
2025-06-08 12:33:57,062 - INFO - COMMIT
2025-06-08 12:35:39,466 - INFO - BEGIN (implicit)
2025-06-08 12:35:39,466 - INFO - PRAGMA main.table_info("benefit")
2025-06-08 12:35:39,466 - INFO - [raw sql] ()
2025-06-08 12:35:39,467 - INFO - PRAGMA main.table_info("employee")
2025-06-08 12:35:39,467 - INFO - [raw sql] ()
2025-06-08 12:35:39,467 - INFO - PRAGMA main.table_info("department")
2025-06-08 12:35:39,467 - INFO - [raw sql] ()
2025-06-08 12:35:39,467 - INFO - PRAGMA main.table_info("employeebenefit")
2025-06-08 12:35:39,467 - INFO - [raw sql] ()
2025-06-08 12:35:39,467 - INFO - PRAGMA main.table_info("payroll")
2025-06-08 12:35:39,467 - INFO - [raw sql] ()
2025-06-08 12:35:39,467 - INFO - COMMIT
2025-06-08 12:35:47,661 - INFO - BEGIN (implicit)
2025-06-08 12:35:47,664 - INFO - SELECT department.name AS department_name, department.location AS department_location, department.description AS department_description, department.extension AS department_extension, department.id AS department_id, employee_1.name AS employee_1_name, employee_1.cpf AS employee_1_cpf, employee_1.position AS employee_1_position, employee_1.admission_date AS employee_1_admission_date, employee_1.department_id AS employee_1_department_id, employee_1.payroll_id AS employee_1_payroll_id, employee_1.id AS employee_1_id, employee_2.name AS employee_2_name, employee_2.cpf AS employee_2_cpf, employee_2.position AS employee_2_position, employee_2.admission_date AS employee_2_admission_date, employee_2.department_id AS employee_2_department_id, employee_2.payroll_id AS employee_2_payroll_id, employee_2.id AS employee_2_id 
FROM department LEFT OUTER JOIN employee AS employee_1 ON department.id = employee_1.department_id LEFT OUTER JOIN employee AS employee_2 ON department.id = employee_2.department_id
2025-06-08 12:35:47,664 - INFO - [generated in 0.00015s] ()
2025-06-08 12:35:47,664 - ERROR - Erro ao listar departamentos
Traceback (most recent call last):
  File "/home/erick/Documentos/Faculdade/7° Semestre/Persistencia/Persistencia_TP1/.venv/lib/python3.12/site-packages/sqlalchemy/engine/base.py", line 1963, in _exec_single_context
    self.dialect.do_execute(
  File "/home/erick/Documentos/Faculdade/7° Semestre/Persistencia/Persistencia_TP1/.venv/lib/python3.12/site-packages/sqlalchemy/engine/default.py", line 943, in do_execute
    cursor.execute(statement, parameters)
sqlite3.OperationalError: no such column: employee_1.payroll_id

The above exception was the direct cause of the following exception:

Traceback (most recent call last):
  File "/home/erick/Área de trabalho/Persistencia_TP2/app/routers/DepartmentRouter.py", line 153, in get_all_departments
    ).all()
      ^^^^^
  File "/home/erick/Documentos/Faculdade/7° Semestre/Persistencia/Persistencia_TP1/.venv/lib/python3.12/site-packages/sqlalchemy/orm/query.py", line 2704, in all
    return self._iter().all()  # type: ignore
           ^^^^^^^^^^^^
  File "/home/erick/Documentos/Faculdade/7° Semestre/Persistencia/Persistencia_TP1/.venv/lib/python3.12/site-packages/sqlalchemy/orm/query.py", line 2857, in _iter
    result: Union[ScalarResult[_T], Result[_T]] = self.session.execute(
                                                  ^^^^^^^^^^^^^^^^^^^^^
  File "/home/erick/Documentos/Faculdade/7° Semestre/Persistencia/Persistencia_TP1/.venv/lib/python3.12/site-packages/sqlmodel/orm/session.py", line 127, in execute
    return super().execute(
           ^^^^^^^^^^^^^^^^
  File "/home/erick/Documentos/Faculdade/7° Semestre/Persistencia/Persistencia_TP1/.venv/lib/python3.12/site-packages/sqlalchemy/orm/session.py", line 2365, in execute
    return self._execute_internal(
           ^^^^^^^^^^^^^^^^^^^^^^^
  File "/home/erick/Documentos/Faculdade/7° Semestre/Persistencia/Persistencia_TP1/.venv/lib/python3.12/site-packages/sqlalchemy/orm/session.py", line 2251, in _execute_internal
    result: Result[Any] = compile_state_cls.orm_execute_statement(
                          ^^^^^^^^^^^^^^^^^^^^^^^^^^^^^^^^^^^^^^^^
  File "/home/erick/Documentos/Faculdade/7° Semestre/Persistencia/Persistencia_TP1/.venv/lib/python3.12/site-packages/sqlalchemy/orm/context.py", line 306, in orm_execute_statement
    result = conn.execute(
             ^^^^^^^^^^^^^
  File "/home/erick/Documentos/Faculdade/7° Semestre/Persistencia/Persistencia_TP1/.venv/lib/python3.12/site-packages/sqlalchemy/engine/base.py", line 1415, in execute
    return meth(
           ^^^^^
  File "/home/erick/Documentos/Faculdade/7° Semestre/Persistencia/Persistencia_TP1/.venv/lib/python3.12/site-packages/sqlalchemy/sql/elements.py", line 523, in _execute_on_connection
    return connection._execute_clauseelement(
           ^^^^^^^^^^^^^^^^^^^^^^^^^^^^^^^^^^
  File "/home/erick/Documentos/Faculdade/7° Semestre/Persistencia/Persistencia_TP1/.venv/lib/python3.12/site-packages/sqlalchemy/engine/base.py", line 1637, in _execute_clauseelement
    ret = self._execute_context(
          ^^^^^^^^^^^^^^^^^^^^^^
  File "/home/erick/Documentos/Faculdade/7° Semestre/Persistencia/Persistencia_TP1/.venv/lib/python3.12/site-packages/sqlalchemy/engine/base.py", line 1842, in _execute_context
    return self._exec_single_context(
           ^^^^^^^^^^^^^^^^^^^^^^^^^^
  File "/home/erick/Documentos/Faculdade/7° Semestre/Persistencia/Persistencia_TP1/.venv/lib/python3.12/site-packages/sqlalchemy/engine/base.py", line 1982, in _exec_single_context
    self._handle_dbapi_exception(
  File "/home/erick/Documentos/Faculdade/7° Semestre/Persistencia/Persistencia_TP1/.venv/lib/python3.12/site-packages/sqlalchemy/engine/base.py", line 2351, in _handle_dbapi_exception
    raise sqlalchemy_exception.with_traceback(exc_info[2]) from e
  File "/home/erick/Documentos/Faculdade/7° Semestre/Persistencia/Persistencia_TP1/.venv/lib/python3.12/site-packages/sqlalchemy/engine/base.py", line 1963, in _exec_single_context
    self.dialect.do_execute(
  File "/home/erick/Documentos/Faculdade/7° Semestre/Persistencia/Persistencia_TP1/.venv/lib/python3.12/site-packages/sqlalchemy/engine/default.py", line 943, in do_execute
    cursor.execute(statement, parameters)
sqlalchemy.exc.OperationalError: (sqlite3.OperationalError) no such column: employee_1.payroll_id
[SQL: SELECT department.name AS department_name, department.location AS department_location, department.description AS department_description, department.extension AS department_extension, department.id AS department_id, employee_1.name AS employee_1_name, employee_1.cpf AS employee_1_cpf, employee_1.position AS employee_1_position, employee_1.admission_date AS employee_1_admission_date, employee_1.department_id AS employee_1_department_id, employee_1.payroll_id AS employee_1_payroll_id, employee_1.id AS employee_1_id, employee_2.name AS employee_2_name, employee_2.cpf AS employee_2_cpf, employee_2.position AS employee_2_position, employee_2.admission_date AS employee_2_admission_date, employee_2.department_id AS employee_2_department_id, employee_2.payroll_id AS employee_2_payroll_id, employee_2.id AS employee_2_id 
FROM department LEFT OUTER JOIN employee AS employee_1 ON department.id = employee_1.department_id LEFT OUTER JOIN employee AS employee_2 ON department.id = employee_2.department_id]
(Background on this error at: https://sqlalche.me/e/20/e3q8)
2025-06-08 12:35:47,673 - INFO - ROLLBACK
2025-06-08 12:35:52,582 - INFO - BEGIN (implicit)
2025-06-08 12:35:52,582 - INFO - SELECT employee.name AS employee_name, employee.cpf AS employee_cpf, employee.position AS employee_position, employee.admission_date AS employee_admission_date, employee.department_id AS employee_department_id, employee.payroll_id AS employee_payroll_id, employee.id AS employee_id 
FROM employee
2025-06-08 12:35:52,583 - INFO - [generated in 0.00012s] ()
2025-06-08 12:35:52,583 - ERROR - Erro ao obter todos os funcionários.
Traceback (most recent call last):
  File "/home/erick/Documentos/Faculdade/7° Semestre/Persistencia/Persistencia_TP1/.venv/lib/python3.12/site-packages/sqlalchemy/engine/base.py", line 1963, in _exec_single_context
    self.dialect.do_execute(
  File "/home/erick/Documentos/Faculdade/7° Semestre/Persistencia/Persistencia_TP1/.venv/lib/python3.12/site-packages/sqlalchemy/engine/default.py", line 943, in do_execute
    cursor.execute(statement, parameters)
sqlite3.OperationalError: no such column: employee.payroll_id

The above exception was the direct cause of the following exception:

Traceback (most recent call last):
  File "/home/erick/Área de trabalho/Persistencia_TP2/app/routers/EmployeeRouter.py", line 14, in get_all_employees
    employees = session.query(Employee).all()
                ^^^^^^^^^^^^^^^^^^^^^^^^^^^^^
  File "/home/erick/Documentos/Faculdade/7° Semestre/Persistencia/Persistencia_TP1/.venv/lib/python3.12/site-packages/sqlalchemy/orm/query.py", line 2704, in all
    return self._iter().all()  # type: ignore
           ^^^^^^^^^^^^
  File "/home/erick/Documentos/Faculdade/7° Semestre/Persistencia/Persistencia_TP1/.venv/lib/python3.12/site-packages/sqlalchemy/orm/query.py", line 2857, in _iter
    result: Union[ScalarResult[_T], Result[_T]] = self.session.execute(
                                                  ^^^^^^^^^^^^^^^^^^^^^
  File "/home/erick/Documentos/Faculdade/7° Semestre/Persistencia/Persistencia_TP1/.venv/lib/python3.12/site-packages/sqlmodel/orm/session.py", line 127, in execute
    return super().execute(
           ^^^^^^^^^^^^^^^^
  File "/home/erick/Documentos/Faculdade/7° Semestre/Persistencia/Persistencia_TP1/.venv/lib/python3.12/site-packages/sqlalchemy/orm/session.py", line 2365, in execute
    return self._execute_internal(
           ^^^^^^^^^^^^^^^^^^^^^^^
  File "/home/erick/Documentos/Faculdade/7° Semestre/Persistencia/Persistencia_TP1/.venv/lib/python3.12/site-packages/sqlalchemy/orm/session.py", line 2251, in _execute_internal
    result: Result[Any] = compile_state_cls.orm_execute_statement(
                          ^^^^^^^^^^^^^^^^^^^^^^^^^^^^^^^^^^^^^^^^
  File "/home/erick/Documentos/Faculdade/7° Semestre/Persistencia/Persistencia_TP1/.venv/lib/python3.12/site-packages/sqlalchemy/orm/context.py", line 306, in orm_execute_statement
    result = conn.execute(
             ^^^^^^^^^^^^^
  File "/home/erick/Documentos/Faculdade/7° Semestre/Persistencia/Persistencia_TP1/.venv/lib/python3.12/site-packages/sqlalchemy/engine/base.py", line 1415, in execute
    return meth(
           ^^^^^
  File "/home/erick/Documentos/Faculdade/7° Semestre/Persistencia/Persistencia_TP1/.venv/lib/python3.12/site-packages/sqlalchemy/sql/elements.py", line 523, in _execute_on_connection
    return connection._execute_clauseelement(
           ^^^^^^^^^^^^^^^^^^^^^^^^^^^^^^^^^^
  File "/home/erick/Documentos/Faculdade/7° Semestre/Persistencia/Persistencia_TP1/.venv/lib/python3.12/site-packages/sqlalchemy/engine/base.py", line 1637, in _execute_clauseelement
    ret = self._execute_context(
          ^^^^^^^^^^^^^^^^^^^^^^
  File "/home/erick/Documentos/Faculdade/7° Semestre/Persistencia/Persistencia_TP1/.venv/lib/python3.12/site-packages/sqlalchemy/engine/base.py", line 1842, in _execute_context
    return self._exec_single_context(
           ^^^^^^^^^^^^^^^^^^^^^^^^^^
  File "/home/erick/Documentos/Faculdade/7° Semestre/Persistencia/Persistencia_TP1/.venv/lib/python3.12/site-packages/sqlalchemy/engine/base.py", line 1982, in _exec_single_context
    self._handle_dbapi_exception(
  File "/home/erick/Documentos/Faculdade/7° Semestre/Persistencia/Persistencia_TP1/.venv/lib/python3.12/site-packages/sqlalchemy/engine/base.py", line 2351, in _handle_dbapi_exception
    raise sqlalchemy_exception.with_traceback(exc_info[2]) from e
  File "/home/erick/Documentos/Faculdade/7° Semestre/Persistencia/Persistencia_TP1/.venv/lib/python3.12/site-packages/sqlalchemy/engine/base.py", line 1963, in _exec_single_context
    self.dialect.do_execute(
  File "/home/erick/Documentos/Faculdade/7° Semestre/Persistencia/Persistencia_TP1/.venv/lib/python3.12/site-packages/sqlalchemy/engine/default.py", line 943, in do_execute
    cursor.execute(statement, parameters)
sqlalchemy.exc.OperationalError: (sqlite3.OperationalError) no such column: employee.payroll_id
[SQL: SELECT employee.name AS employee_name, employee.cpf AS employee_cpf, employee.position AS employee_position, employee.admission_date AS employee_admission_date, employee.department_id AS employee_department_id, employee.payroll_id AS employee_payroll_id, employee.id AS employee_id 
FROM employee]
(Background on this error at: https://sqlalche.me/e/20/e3q8)
2025-06-08 12:35:52,584 - INFO - ROLLBACK
2025-06-08 12:36:27,296 - INFO - BEGIN (implicit)
2025-06-08 12:36:27,297 - INFO - SELECT payroll.gross_salary, payroll.deductions, payroll.net_salary, payroll.reference_month, payroll.observation, payroll.id, payroll.employee_id 
FROM payroll
2025-06-08 12:36:27,297 - INFO - [generated in 0.00014s] ()
2025-06-08 12:36:27,297 - INFO - ROLLBACK
2025-06-08 12:36:27,297 - ERROR - Erro ao listar todas as folhas de pagamento
Traceback (most recent call last):
  File "/home/erick/Documentos/Faculdade/7° Semestre/Persistencia/Persistencia_TP1/.venv/lib/python3.12/site-packages/sqlalchemy/engine/base.py", line 1963, in _exec_single_context
    self.dialect.do_execute(
  File "/home/erick/Documentos/Faculdade/7° Semestre/Persistencia/Persistencia_TP1/.venv/lib/python3.12/site-packages/sqlalchemy/engine/default.py", line 943, in do_execute
    cursor.execute(statement, parameters)
sqlite3.OperationalError: no such column: payroll.observation

The above exception was the direct cause of the following exception:

Traceback (most recent call last):
  File "/home/erick/Área de trabalho/Persistencia_TP2/app/routers/PayrollRouter.py", line 42, in get_all_payrolls
    payrolls = session.exec(select(Payroll)).all()
               ^^^^^^^^^^^^^^^^^^^^^^^^^^^^^
  File "/home/erick/Documentos/Faculdade/7° Semestre/Persistencia/Persistencia_TP1/.venv/lib/python3.12/site-packages/sqlmodel/orm/session.py", line 66, in exec
    results = super().execute(
              ^^^^^^^^^^^^^^^^
  File "/home/erick/Documentos/Faculdade/7° Semestre/Persistencia/Persistencia_TP1/.venv/lib/python3.12/site-packages/sqlalchemy/orm/session.py", line 2365, in execute
    return self._execute_internal(
           ^^^^^^^^^^^^^^^^^^^^^^^
  File "/home/erick/Documentos/Faculdade/7° Semestre/Persistencia/Persistencia_TP1/.venv/lib/python3.12/site-packages/sqlalchemy/orm/session.py", line 2251, in _execute_internal
    result: Result[Any] = compile_state_cls.orm_execute_statement(
                          ^^^^^^^^^^^^^^^^^^^^^^^^^^^^^^^^^^^^^^^^
  File "/home/erick/Documentos/Faculdade/7° Semestre/Persistencia/Persistencia_TP1/.venv/lib/python3.12/site-packages/sqlalchemy/orm/context.py", line 306, in orm_execute_statement
    result = conn.execute(
             ^^^^^^^^^^^^^
  File "/home/erick/Documentos/Faculdade/7° Semestre/Persistencia/Persistencia_TP1/.venv/lib/python3.12/site-packages/sqlalchemy/engine/base.py", line 1415, in execute
    return meth(
           ^^^^^
  File "/home/erick/Documentos/Faculdade/7° Semestre/Persistencia/Persistencia_TP1/.venv/lib/python3.12/site-packages/sqlalchemy/sql/elements.py", line 523, in _execute_on_connection
    return connection._execute_clauseelement(
           ^^^^^^^^^^^^^^^^^^^^^^^^^^^^^^^^^^
  File "/home/erick/Documentos/Faculdade/7° Semestre/Persistencia/Persistencia_TP1/.venv/lib/python3.12/site-packages/sqlalchemy/engine/base.py", line 1637, in _execute_clauseelement
    ret = self._execute_context(
          ^^^^^^^^^^^^^^^^^^^^^^
  File "/home/erick/Documentos/Faculdade/7° Semestre/Persistencia/Persistencia_TP1/.venv/lib/python3.12/site-packages/sqlalchemy/engine/base.py", line 1842, in _execute_context
    return self._exec_single_context(
           ^^^^^^^^^^^^^^^^^^^^^^^^^^
  File "/home/erick/Documentos/Faculdade/7° Semestre/Persistencia/Persistencia_TP1/.venv/lib/python3.12/site-packages/sqlalchemy/engine/base.py", line 1982, in _exec_single_context
    self._handle_dbapi_exception(
  File "/home/erick/Documentos/Faculdade/7° Semestre/Persistencia/Persistencia_TP1/.venv/lib/python3.12/site-packages/sqlalchemy/engine/base.py", line 2351, in _handle_dbapi_exception
    raise sqlalchemy_exception.with_traceback(exc_info[2]) from e
  File "/home/erick/Documentos/Faculdade/7° Semestre/Persistencia/Persistencia_TP1/.venv/lib/python3.12/site-packages/sqlalchemy/engine/base.py", line 1963, in _exec_single_context
    self.dialect.do_execute(
  File "/home/erick/Documentos/Faculdade/7° Semestre/Persistencia/Persistencia_TP1/.venv/lib/python3.12/site-packages/sqlalchemy/engine/default.py", line 943, in do_execute
    cursor.execute(statement, parameters)
sqlalchemy.exc.OperationalError: (sqlite3.OperationalError) no such column: payroll.observation
[SQL: SELECT payroll.gross_salary, payroll.deductions, payroll.net_salary, payroll.reference_month, payroll.observation, payroll.id, payroll.employee_id 
FROM payroll]
(Background on this error at: https://sqlalche.me/e/20/e3q8)
2025-06-08 12:38:53,467 - INFO - BEGIN (implicit)
2025-06-08 12:38:53,467 - INFO - PRAGMA main.table_info("benefit")
2025-06-08 12:38:53,467 - INFO - [raw sql] ()
2025-06-08 12:38:53,467 - INFO - PRAGMA main.table_info("employee")
2025-06-08 12:38:53,467 - INFO - [raw sql] ()
2025-06-08 12:38:53,467 - INFO - PRAGMA main.table_info("department")
2025-06-08 12:38:53,467 - INFO - [raw sql] ()
2025-06-08 12:38:53,467 - INFO - PRAGMA main.table_info("employeebenefit")
2025-06-08 12:38:53,468 - INFO - [raw sql] ()
2025-06-08 12:38:53,468 - INFO - PRAGMA main.table_info("payroll")
2025-06-08 12:38:53,468 - INFO - [raw sql] ()
2025-06-08 12:38:53,468 - INFO - COMMIT
2025-06-08 12:44:02,114 - INFO - BEGIN (implicit)
2025-06-08 12:44:02,114 - INFO - PRAGMA main.table_info("benefit")
2025-06-08 12:44:02,114 - INFO - [raw sql] ()
2025-06-08 12:44:02,114 - INFO - PRAGMA main.table_info("employee")
2025-06-08 12:44:02,114 - INFO - [raw sql] ()
2025-06-08 12:44:02,115 - INFO - PRAGMA main.table_info("department")
2025-06-08 12:44:02,115 - INFO - [raw sql] ()
2025-06-08 12:44:02,115 - INFO - PRAGMA main.table_info("employeebenefit")
2025-06-08 12:44:02,115 - INFO - [raw sql] ()
2025-06-08 12:44:02,115 - INFO - PRAGMA main.table_info("payroll")
2025-06-08 12:44:02,115 - INFO - [raw sql] ()
2025-06-08 12:44:02,115 - INFO - COMMIT
2025-06-08 12:44:08,874 - INFO - BEGIN (implicit)
2025-06-08 12:44:08,874 - INFO - PRAGMA main.table_info("benefit")
2025-06-08 12:44:08,874 - INFO - [raw sql] ()
2025-06-08 12:44:08,874 - INFO - PRAGMA main.table_info("employee")
2025-06-08 12:44:08,874 - INFO - [raw sql] ()
2025-06-08 12:44:08,874 - INFO - PRAGMA main.table_info("department")
2025-06-08 12:44:08,874 - INFO - [raw sql] ()
2025-06-08 12:44:08,874 - INFO - PRAGMA main.table_info("employeebenefit")
2025-06-08 12:44:08,874 - INFO - [raw sql] ()
2025-06-08 12:44:08,874 - INFO - PRAGMA main.table_info("payroll")
2025-06-08 12:44:08,875 - INFO - [raw sql] ()
2025-06-08 12:44:08,875 - INFO - COMMIT
2025-06-08 12:44:28,982 - INFO - BEGIN (implicit)
2025-06-08 12:44:28,982 - INFO - PRAGMA main.table_info("benefit")
2025-06-08 12:44:28,982 - INFO - [raw sql] ()
2025-06-08 12:44:28,982 - INFO - PRAGMA main.table_info("employee")
2025-06-08 12:44:28,982 - INFO - [raw sql] ()
2025-06-08 12:44:28,983 - INFO - PRAGMA main.table_info("department")
2025-06-08 12:44:28,983 - INFO - [raw sql] ()
2025-06-08 12:44:28,983 - INFO - PRAGMA main.table_info("employeebenefit")
2025-06-08 12:44:28,983 - INFO - [raw sql] ()
2025-06-08 12:44:28,983 - INFO - PRAGMA main.table_info("payroll")
2025-06-08 12:44:28,983 - INFO - [raw sql] ()
2025-06-08 12:44:28,983 - INFO - COMMIT
2025-06-08 12:44:48,852 - INFO - BEGIN (implicit)
2025-06-08 12:44:48,853 - INFO - PRAGMA main.table_info("benefit")
2025-06-08 12:44:48,853 - INFO - [raw sql] ()
2025-06-08 12:44:48,853 - INFO - PRAGMA main.table_info("employee")
2025-06-08 12:44:48,853 - INFO - [raw sql] ()
2025-06-08 12:44:48,853 - INFO - PRAGMA main.table_info("department")
2025-06-08 12:44:48,853 - INFO - [raw sql] ()
2025-06-08 12:44:48,853 - INFO - PRAGMA main.table_info("employeebenefit")
2025-06-08 12:44:48,853 - INFO - [raw sql] ()
2025-06-08 12:44:48,853 - INFO - PRAGMA main.table_info("payroll")
2025-06-08 12:44:48,853 - INFO - [raw sql] ()
2025-06-08 12:44:48,853 - INFO - COMMIT
2025-06-08 12:47:07,372 - INFO - BEGIN (implicit)
2025-06-08 12:47:07,375 - INFO - SELECT department.name AS department_name, department.location AS department_location, department.description AS department_description, department.extension AS department_extension, department.id AS department_id, employee_1.name AS employee_1_name, employee_1.cpf AS employee_1_cpf, employee_1.position AS employee_1_position, employee_1.admission_date AS employee_1_admission_date, employee_1.department_id AS employee_1_department_id, employee_1.id AS employee_1_id, employee_2.name AS employee_2_name, employee_2.cpf AS employee_2_cpf, employee_2.position AS employee_2_position, employee_2.admission_date AS employee_2_admission_date, employee_2.department_id AS employee_2_department_id, employee_2.id AS employee_2_id 
FROM department LEFT OUTER JOIN employee AS employee_1 ON department.id = employee_1.department_id LEFT OUTER JOIN employee AS employee_2 ON department.id = employee_2.department_id
2025-06-08 12:47:07,375 - INFO - [generated in 0.00015s] ()
2025-06-08 12:47:07,376 - INFO - 0 departamentos encontrados.
2025-06-08 12:47:07,376 - INFO - ROLLBACK
2025-06-08 12:47:14,054 - INFO - BEGIN (implicit)
2025-06-08 12:47:14,055 - INFO - SELECT employee.name AS employee_name, employee.cpf AS employee_cpf, employee.position AS employee_position, employee.admission_date AS employee_admission_date, employee.department_id AS employee_department_id, employee.id AS employee_id 
FROM employee
2025-06-08 12:47:14,055 - INFO - [generated in 0.00014s] ()
2025-06-08 12:47:14,056 - INFO - ROLLBACK
2025-06-08 12:48:06,175 - INFO - BEGIN (implicit)
2025-06-08 12:48:06,176 - INFO - INSERT INTO employee (name, cpf, position, admission_date, department_id) VALUES (?, ?, ?, ?, ?)
2025-06-08 12:48:06,176 - INFO - [generated in 0.00014s] ('string', 'string', 'string', 'string', 0)
2025-06-08 12:48:06,177 - INFO - COMMIT
2025-06-08 12:48:06,183 - INFO - BEGIN (implicit)
2025-06-08 12:48:06,184 - INFO - SELECT employee.name, employee.cpf, employee.position, employee.admission_date, employee.department_id, employee.id 
FROM employee 
WHERE employee.id = ?
2025-06-08 12:48:06,184 - INFO - [generated in 0.00012s] (1,)
2025-06-08 12:48:06,185 - INFO - Funcionário criado com sucesso: name='string' admission_date='string' id=1 cpf='string' position='string' department_id=0
2025-06-08 12:48:06,185 - INFO - ROLLBACK
2025-06-08 12:48:25,015 - INFO - BEGIN (implicit)
2025-06-08 12:48:25,015 - INFO - SELECT employee.name AS employee_name, employee.cpf AS employee_cpf, employee.position AS employee_position, employee.admission_date AS employee_admission_date, employee.department_id AS employee_department_id, employee.id AS employee_id 
FROM employee 
WHERE employee.id = ?
2025-06-08 12:48:25,016 - INFO - [generated in 0.00016s] (1,)
2025-06-08 12:48:25,017 - INFO - INSERT INTO payroll (gross_salary, deductions, net_salary, reference_month, employee_id) VALUES (?, ?, ?, ?, ?)
2025-06-08 12:48:25,017 - INFO - [generated in 0.00020s] (0.0, 0.0, 0.0, 'string', 1)
2025-06-08 12:48:25,018 - INFO - COMMIT
2025-06-08 12:48:25,024 - INFO - BEGIN (implicit)
2025-06-08 12:48:25,025 - INFO - SELECT payroll.gross_salary, payroll.deductions, payroll.net_salary, payroll.reference_month, payroll.id, payroll.employee_id 
FROM payroll 
WHERE payroll.id = ?
2025-06-08 12:48:25,026 - INFO - [generated in 0.00032s] (1,)
2025-06-08 12:48:25,026 - INFO - Folha de Pagamento criada com sucesso: gross_salary=0.0 deductions=0.0 net_salary=0.0 reference_month='string' employee_id=1
2025-06-08 12:48:25,027 - INFO - ROLLBACK
2025-06-08 13:06:11,835 - INFO - BEGIN (implicit)
2025-06-08 13:06:11,835 - INFO - PRAGMA main.table_info("benefit")
2025-06-08 13:06:11,835 - INFO - [raw sql] ()
2025-06-08 13:06:11,836 - INFO - PRAGMA main.table_info("employee")
2025-06-08 13:06:11,836 - INFO - [raw sql] ()
2025-06-08 13:06:11,836 - INFO - PRAGMA main.table_info("department")
2025-06-08 13:06:11,836 - INFO - [raw sql] ()
2025-06-08 13:06:11,836 - INFO - PRAGMA main.table_info("employeebenefit")
2025-06-08 13:06:11,836 - INFO - [raw sql] ()
2025-06-08 13:06:11,836 - INFO - PRAGMA main.table_info("payroll")
2025-06-08 13:06:11,836 - INFO - [raw sql] ()
2025-06-08 13:06:11,837 - INFO - COMMIT
2025-06-08 13:06:18,515 - INFO - BEGIN (implicit)
2025-06-08 13:06:18,525 - INFO - SELECT payroll.gross_salary, payroll.deductions, payroll.net_salary, payroll.reference_month, payroll.id, payroll.employee_id 
FROM payroll
2025-06-08 13:06:18,525 - INFO - [generated in 0.00017s] ()
2025-06-08 13:06:18,526 - INFO - Folhas de pagamento listadas com sucesso: [Payroll(net_salary=0.0, id=1, deductions=0.0, gross_salary=0.0, reference_month='string', employee_id=1)]
2025-06-08 13:06:18,526 - INFO - ROLLBACK
2025-06-08 13:06:27,479 - INFO - BEGIN (implicit)
2025-06-08 13:06:27,481 - INFO - SELECT payroll.gross_salary AS payroll_gross_salary, payroll.deductions AS payroll_deductions, payroll.net_salary AS payroll_net_salary, payroll.reference_month AS payroll_reference_month, payroll.id AS payroll_id, payroll.employee_id AS payroll_employee_id 
FROM payroll 
WHERE payroll.id = ?
2025-06-08 13:06:27,481 - INFO - [generated in 0.00020s] (0,)
2025-06-08 13:06:27,481 - WARNING - Folha de pagamento com ID 0 não encontrada
2025-06-08 13:06:27,482 - INFO - ROLLBACK
2025-06-08 13:06:36,886 - INFO - BEGIN (implicit)
2025-06-08 13:06:36,886 - INFO - SELECT payroll.gross_salary AS payroll_gross_salary, payroll.deductions AS payroll_deductions, payroll.net_salary AS payroll_net_salary, payroll.reference_month AS payroll_reference_month, payroll.id AS payroll_id, payroll.employee_id AS payroll_employee_id 
FROM payroll 
WHERE payroll.id = ?
2025-06-08 13:06:36,886 - INFO - [cached since 9.405s ago] (1,)
2025-06-08 13:06:36,886 - INFO - Folha de pagamento recuperada: net_salary=0.0 id=1 deductions=0.0 gross_salary=0.0 reference_month='string' employee_id=1
2025-06-08 13:06:36,887 - INFO - ROLLBACK
2025-06-08 13:21:26,218 - INFO - BEGIN (implicit)
2025-06-08 13:21:26,218 - INFO - PRAGMA main.table_info("benefit")
2025-06-08 13:21:26,218 - INFO - [raw sql] ()
2025-06-08 13:21:26,219 - INFO - PRAGMA main.table_info("employee")
2025-06-08 13:21:26,219 - INFO - [raw sql] ()
2025-06-08 13:21:26,219 - INFO - PRAGMA main.table_info("department")
2025-06-08 13:21:26,219 - INFO - [raw sql] ()
2025-06-08 13:21:26,219 - INFO - PRAGMA main.table_info("employeebenefit")
2025-06-08 13:21:26,219 - INFO - [raw sql] ()
2025-06-08 13:21:26,219 - INFO - PRAGMA main.table_info("payroll")
2025-06-08 13:21:26,219 - INFO - [raw sql] ()
2025-06-08 13:21:26,219 - INFO - COMMIT
2025-06-08 13:38:17,448 - INFO - BEGIN (implicit)
2025-06-08 13:38:17,448 - INFO - PRAGMA main.table_info("benefit")
2025-06-08 13:38:17,448 - INFO - [raw sql] ()
2025-06-08 13:38:17,449 - INFO - PRAGMA main.table_info("employee")
2025-06-08 13:38:17,449 - INFO - [raw sql] ()
2025-06-08 13:38:17,449 - INFO - PRAGMA main.table_info("department")
2025-06-08 13:38:17,449 - INFO - [raw sql] ()
2025-06-08 13:38:17,449 - INFO - PRAGMA main.table_info("employeebenefit")
2025-06-08 13:38:17,449 - INFO - [raw sql] ()
2025-06-08 13:38:17,449 - INFO - PRAGMA main.table_info("payroll")
2025-06-08 13:38:17,449 - INFO - [raw sql] ()
2025-06-08 13:38:17,449 - INFO - COMMIT
2025-06-08 13:43:25,787 - INFO - BEGIN (implicit)
2025-06-08 13:43:25,789 - INFO - SELECT payroll.gross_salary AS payroll_gross_salary, payroll.deductions AS payroll_deductions, payroll.net_salary AS payroll_net_salary, payroll.reference_month AS payroll_reference_month, payroll.id AS payroll_id, payroll.employee_id AS payroll_employee_id 
FROM payroll 
WHERE payroll.id = ?
 LIMIT ? OFFSET ?
2025-06-08 13:43:25,789 - INFO - [generated in 0.00015s] (1, 1, 0)
2025-06-08 13:43:25,789 - INFO - Folha de pagamento recuperada: net_salary=0.0 id=1 deductions=0.0 gross_salary=0.0 reference_month='string' employee_id=1
2025-06-08 13:43:25,790 - INFO - ROLLBACK
2025-06-08 13:43:31,317 - INFO - BEGIN (implicit)
2025-06-08 13:43:31,317 - INFO - SELECT payroll.gross_salary AS payroll_gross_salary, payroll.deductions AS payroll_deductions, payroll.net_salary AS payroll_net_salary, payroll.reference_month AS payroll_reference_month, payroll.id AS payroll_id, payroll.employee_id AS payroll_employee_id 
FROM payroll 
WHERE payroll.id = ?
 LIMIT ? OFFSET ?
2025-06-08 13:43:31,318 - INFO - [cached since 5.529s ago] (0, 1, 0)
2025-06-08 13:43:31,318 - WARNING - Folha de pagamento com ID 0 não encontrada
2025-06-08 13:43:31,318 - INFO - ROLLBACK
2025-06-08 14:03:25,759 - INFO - BEGIN (implicit)
2025-06-08 14:03:25,760 - INFO - PRAGMA main.table_info("benefit")
2025-06-08 14:03:25,760 - INFO - [raw sql] ()
2025-06-08 14:03:25,760 - INFO - PRAGMA main.table_info("employee")
2025-06-08 14:03:25,760 - INFO - [raw sql] ()
2025-06-08 14:03:25,760 - INFO - PRAGMA main.table_info("department")
2025-06-08 14:03:25,760 - INFO - [raw sql] ()
2025-06-08 14:03:25,761 - INFO - PRAGMA main.table_info("employeebenefit")
2025-06-08 14:03:25,761 - INFO - [raw sql] ()
2025-06-08 14:03:25,761 - INFO - PRAGMA main.table_info("payroll")
2025-06-08 14:03:25,761 - INFO - [raw sql] ()
2025-06-08 14:03:25,761 - INFO - COMMIT
2025-06-08 14:03:35,285 - INFO - BEGIN (implicit)
2025-06-08 14:03:35,295 - INFO - SELECT employee.name AS employee_name, employee.cpf AS employee_cpf, employee.position AS employee_position, employee.admission_date AS employee_admission_date, employee.department_id AS employee_department_id, employee.id AS employee_id 
FROM employee 
WHERE employee.id = ?
2025-06-08 14:03:35,295 - INFO - [generated in 0.00019s] (0,)
2025-06-08 14:03:35,296 - WARNING - Funcionário com ID 0 não encontrada
2025-06-08 14:03:35,296 - INFO - ROLLBACK
2025-06-08 14:03:40,309 - INFO - BEGIN (implicit)
2025-06-08 14:03:40,310 - INFO - SELECT employee.name AS employee_name, employee.cpf AS employee_cpf, employee.position AS employee_position, employee.admission_date AS employee_admission_date, employee.department_id AS employee_department_id, employee.id AS employee_id 
FROM employee 
WHERE employee.id = ?
2025-06-08 14:03:40,310 - INFO - [cached since 5.015s ago] (1,)
2025-06-08 14:03:40,312 - INFO - INSERT INTO payroll (gross_salary, deductions, net_salary, reference_month, employee_id) VALUES (?, ?, ?, ?, ?)
2025-06-08 14:03:40,312 - INFO - [generated in 0.00026s] (0.0, 0.0, 0.0, 'string', 1)
2025-06-08 14:03:40,312 - INFO - COMMIT
2025-06-08 14:03:40,320 - INFO - BEGIN (implicit)
2025-06-08 14:03:40,322 - INFO - SELECT payroll.gross_salary, payroll.deductions, payroll.net_salary, payroll.reference_month, payroll.id, payroll.employee_id 
FROM payroll 
WHERE payroll.id = ?
2025-06-08 14:03:40,322 - INFO - [generated in 0.00024s] (2,)
2025-06-08 14:03:40,323 - INFO - Folha de Pagamento criada com sucesso: gross_salary=0.0 deductions=0.0 net_salary=0.0 reference_month='string' employee_id=1
2025-06-08 14:03:40,323 - INFO - ROLLBACK
2025-06-08 14:03:45,688 - INFO - BEGIN (implicit)
2025-06-08 14:03:45,688 - INFO - SELECT payroll.gross_salary, payroll.deductions, payroll.net_salary, payroll.reference_month, payroll.id, payroll.employee_id 
FROM payroll
2025-06-08 14:03:45,689 - INFO - [generated in 0.00011s] ()
2025-06-08 14:03:45,689 - INFO - Folhas de pagamento listadas com sucesso: [Payroll(net_salary=0.0, id=1, deductions=0.0, gross_salary=0.0, reference_month='string', employee_id=1), Payroll(net_salary=0.0, id=2, deductions=0.0, gross_salary=0.0, reference_month='string', employee_id=1)]
2025-06-08 14:03:45,689 - INFO - ROLLBACK
2025-06-08 14:04:04,823 - INFO - BEGIN (implicit)
2025-06-08 14:04:04,823 - INFO - PRAGMA main.table_info("benefit")
2025-06-08 14:04:04,823 - INFO - [raw sql] ()
2025-06-08 14:04:04,823 - INFO - PRAGMA main.table_info("employee")
2025-06-08 14:04:04,823 - INFO - [raw sql] ()
2025-06-08 14:04:04,823 - INFO - PRAGMA main.table_info("department")
2025-06-08 14:04:04,823 - INFO - [raw sql] ()
2025-06-08 14:04:04,823 - INFO - PRAGMA main.table_info("employeebenefit")
2025-06-08 14:04:04,823 - INFO - [raw sql] ()
2025-06-08 14:04:04,823 - INFO - PRAGMA main.table_info("payroll")
2025-06-08 14:04:04,824 - INFO - [raw sql] ()
2025-06-08 14:04:04,824 - INFO - COMMIT
2025-06-08 14:05:29,433 - INFO - BEGIN (implicit)
2025-06-08 14:05:29,433 - INFO - PRAGMA main.table_info("benefit")
2025-06-08 14:05:29,433 - INFO - [raw sql] ()
2025-06-08 14:05:29,433 - INFO - PRAGMA main.table_info("employee")
2025-06-08 14:05:29,433 - INFO - [raw sql] ()
2025-06-08 14:05:29,433 - INFO - PRAGMA main.table_info("department")
2025-06-08 14:05:29,433 - INFO - [raw sql] ()
2025-06-08 14:05:29,433 - INFO - PRAGMA main.table_info("employeebenefit")
2025-06-08 14:05:29,433 - INFO - [raw sql] ()
2025-06-08 14:05:29,433 - INFO - PRAGMA main.table_info("payroll")
2025-06-08 14:05:29,433 - INFO - [raw sql] ()
2025-06-08 14:05:29,434 - INFO - COMMIT
2025-06-08 14:13:28,732 - INFO - BEGIN (implicit)
2025-06-08 14:13:28,732 - INFO - PRAGMA main.table_info("benefit")
2025-06-08 14:13:28,732 - INFO - [raw sql] ()
2025-06-08 14:13:28,733 - INFO - PRAGMA main.table_info("employee")
2025-06-08 14:13:28,733 - INFO - [raw sql] ()
2025-06-08 14:13:28,733 - INFO - PRAGMA main.table_info("department")
2025-06-08 14:13:28,733 - INFO - [raw sql] ()
2025-06-08 14:13:28,733 - INFO - PRAGMA main.table_info("employeebenefit")
2025-06-08 14:13:28,733 - INFO - [raw sql] ()
2025-06-08 14:13:28,733 - INFO - PRAGMA main.table_info("payroll")
2025-06-08 14:13:28,733 - INFO - [raw sql] ()
2025-06-08 14:13:28,733 - INFO - COMMIT
2025-06-08 14:14:05,197 - INFO - BEGIN (implicit)
2025-06-08 14:14:05,197 - INFO - PRAGMA main.table_info("benefit")
2025-06-08 14:14:05,197 - INFO - [raw sql] ()
2025-06-08 14:14:05,197 - INFO - PRAGMA main.table_info("employee")
2025-06-08 14:14:05,197 - INFO - [raw sql] ()
2025-06-08 14:14:05,198 - INFO - PRAGMA main.table_info("department")
2025-06-08 14:14:05,198 - INFO - [raw sql] ()
2025-06-08 14:14:05,198 - INFO - PRAGMA main.table_info("employeebenefit")
2025-06-08 14:14:05,198 - INFO - [raw sql] ()
2025-06-08 14:14:05,198 - INFO - PRAGMA main.table_info("payroll")
2025-06-08 14:14:05,198 - INFO - [raw sql] ()
2025-06-08 14:14:05,198 - INFO - COMMIT
2025-06-08 14:14:10,302 - INFO - BEGIN (implicit)
2025-06-08 14:14:10,304 - INFO - SELECT count(*) AS count_1 
FROM (SELECT payroll.gross_salary AS payroll_gross_salary, payroll.deductions AS payroll_deductions, payroll.net_salary AS payroll_net_salary, payroll.reference_month AS payroll_reference_month, payroll.id AS payroll_id, payroll.employee_id AS payroll_employee_id 
FROM payroll) AS anon_1
2025-06-08 14:14:10,304 - INFO - [generated in 0.00014s] ()
2025-06-08 14:14:10,305 - INFO - Quantidade total de Folhas de Pagamentos: 2
2025-06-08 14:14:10,305 - INFO - ROLLBACK
2025-06-08 14:14:24,455 - INFO - BEGIN (implicit)
2025-06-08 14:14:24,455 - INFO - SELECT payroll.gross_salary AS payroll_gross_salary, payroll.deductions AS payroll_deductions, payroll.net_salary AS payroll_net_salary, payroll.reference_month AS payroll_reference_month, payroll.id AS payroll_id, payroll.employee_id AS payroll_employee_id 
FROM payroll 
WHERE payroll.id = ?
 LIMIT ? OFFSET ?
2025-06-08 14:14:24,455 - INFO - [generated in 0.00015s] (2, 1, 0)
2025-06-08 14:14:24,457 - INFO - UPDATE payroll SET gross_salary=?, employee_id=? WHERE payroll.id = ?
2025-06-08 14:14:24,457 - INFO - [generated in 0.00014s] (1000000000000000.0, 0, 2)
2025-06-08 14:14:24,457 - INFO - COMMIT
2025-06-08 14:14:24,462 - INFO - BEGIN (implicit)
2025-06-08 14:14:24,462 - INFO - SELECT payroll.gross_salary, payroll.deductions, payroll.net_salary, payroll.reference_month, payroll.id, payroll.employee_id 
FROM payroll 
WHERE payroll.id = ?
2025-06-08 14:14:24,462 - INFO - [generated in 0.00010s] (2,)
2025-06-08 14:14:24,462 - INFO - Folha de pagamento atualizada com sucesso: 2
2025-06-08 14:14:24,463 - INFO - ROLLBACK
2025-06-08 14:14:30,008 - INFO - BEGIN (implicit)
2025-06-08 14:14:30,009 - INFO - SELECT payroll.gross_salary, payroll.deductions, payroll.net_salary, payroll.reference_month, payroll.id, payroll.employee_id 
FROM payroll
2025-06-08 14:14:30,009 - INFO - [generated in 0.00013s] ()
2025-06-08 14:14:30,009 - INFO - Folhas de pagamento listadas com sucesso: [Payroll(net_salary=0.0, id=1, deductions=0.0, gross_salary=0.0, reference_month='string', employee_id=1), Payroll(net_salary=0.0, id=2, deductions=0.0, gross_salary=1000000000000000.0, reference_month='string', employee_id=0)]
2025-06-08 14:14:30,010 - INFO - ROLLBACK
2025-06-08 14:14:39,310 - INFO - BEGIN (implicit)
2025-06-08 14:14:39,310 - INFO - SELECT payroll.gross_salary AS payroll_gross_salary, payroll.deductions AS payroll_deductions, payroll.net_salary AS payroll_net_salary, payroll.reference_month AS payroll_reference_month, payroll.id AS payroll_id, payroll.employee_id AS payroll_employee_id 
FROM payroll 
WHERE payroll.id = ?
 LIMIT ? OFFSET ?
2025-06-08 14:14:39,310 - INFO - [cached since 14.86s ago] (1, 1, 0)
2025-06-08 14:14:39,311 - INFO - DELETE FROM payroll WHERE payroll.id = ?
2025-06-08 14:14:39,311 - INFO - [generated in 0.00012s] (1,)
2025-06-08 14:14:39,312 - INFO - COMMIT
2025-06-08 14:14:39,318 - INFO - Folha de pagamento deletada com sucesso: 1
2025-06-08 14:14:43,938 - INFO - BEGIN (implicit)
2025-06-08 14:14:43,938 - INFO - SELECT payroll.gross_salary, payroll.deductions, payroll.net_salary, payroll.reference_month, payroll.id, payroll.employee_id 
FROM payroll
2025-06-08 14:14:43,938 - INFO - [cached since 13.93s ago] ()
2025-06-08 14:14:43,938 - INFO - Folhas de pagamento listadas com sucesso: [Payroll(net_salary=0.0, id=2, deductions=0.0, gross_salary=1000000000000000.0, reference_month='string', employee_id=0)]
2025-06-08 14:14:43,939 - INFO - ROLLBACK
2025-06-08 14:15:02,251 - INFO - BEGIN (implicit)
2025-06-08 14:15:02,251 - INFO - SELECT count(*) AS count_1 
FROM (SELECT payroll.gross_salary AS payroll_gross_salary, payroll.deductions AS payroll_deductions, payroll.net_salary AS payroll_net_salary, payroll.reference_month AS payroll_reference_month, payroll.id AS payroll_id, payroll.employee_id AS payroll_employee_id 
FROM payroll) AS anon_1
2025-06-08 14:15:02,251 - INFO - [cached since 51.95s ago] ()
2025-06-08 14:15:02,251 - INFO - Quantidade total de Folhas de Pagamentos: 1
2025-06-08 14:15:02,251 - INFO - ROLLBACK
2025-06-08 14:20:24,817 - INFO - BEGIN (implicit)
2025-06-08 14:20:24,817 - INFO - PRAGMA main.table_info("benefit")
2025-06-08 14:20:24,817 - INFO - [raw sql] ()
2025-06-08 14:20:24,817 - INFO - PRAGMA main.table_info("employee")
2025-06-08 14:20:24,817 - INFO - [raw sql] ()
2025-06-08 14:20:24,817 - INFO - PRAGMA main.table_info("department")
2025-06-08 14:20:24,817 - INFO - [raw sql] ()
2025-06-08 14:20:24,817 - INFO - PRAGMA main.table_info("employeebenefit")
2025-06-08 14:20:24,817 - INFO - [raw sql] ()
2025-06-08 14:20:24,817 - INFO - PRAGMA main.table_info("payroll")
2025-06-08 14:20:24,817 - INFO - [raw sql] ()
2025-06-08 14:20:24,818 - INFO - COMMIT
2025-06-08 14:21:47,780 - INFO - BEGIN (implicit)
2025-06-08 14:21:47,780 - INFO - PRAGMA main.table_info("benefit")
2025-06-08 14:21:47,780 - INFO - [raw sql] ()
2025-06-08 14:21:47,781 - INFO - PRAGMA main.table_info("employee")
2025-06-08 14:21:47,781 - INFO - [raw sql] ()
2025-06-08 14:21:47,781 - INFO - PRAGMA main.table_info("department")
2025-06-08 14:21:47,781 - INFO - [raw sql] ()
2025-06-08 14:21:47,781 - INFO - PRAGMA main.table_info("employeebenefit")
2025-06-08 14:21:47,781 - INFO - [raw sql] ()
2025-06-08 14:21:47,781 - INFO - PRAGMA main.table_info("payroll")
2025-06-08 14:21:47,781 - INFO - [raw sql] ()
2025-06-08 14:21:47,781 - INFO - COMMIT
2025-06-08 14:22:12,396 - INFO - BEGIN (implicit)
2025-06-08 14:22:12,399 - INFO - SELECT count(*) AS count_1 
FROM (SELECT payroll.gross_salary AS payroll_gross_salary, payroll.deductions AS payroll_deductions, payroll.net_salary AS payroll_net_salary, payroll.reference_month AS payroll_reference_month, payroll.id AS payroll_id, payroll.employee_id AS payroll_employee_id 
FROM payroll) AS anon_1
2025-06-08 14:22:12,399 - INFO - [generated in 0.00013s] ()
2025-06-08 14:22:12,399 - INFO - Quantidade total de Folhas de Pagamentos: 1
2025-06-08 14:22:12,399 - INFO - ROLLBACK
2025-06-08 14:22:28,480 - INFO - BEGIN (implicit)
2025-06-08 14:22:28,481 - INFO - SELECT payroll.gross_salary AS payroll_gross_salary, payroll.deductions AS payroll_deductions, payroll.net_salary AS payroll_net_salary, payroll.reference_month AS payroll_reference_month, payroll.id AS payroll_id, payroll.employee_id AS payroll_employee_id 
FROM payroll
 LIMIT ? OFFSET ?
2025-06-08 14:22:28,481 - INFO - [generated in 0.00014s] (10, 0)
2025-06-08 14:22:28,481 - INFO - 1 Folhas de pagamentos recuperadas na página 1
2025-06-08 14:22:28,481 - INFO - ROLLBACK
2025-06-08 14:22:38,978 - INFO - BEGIN (implicit)
2025-06-08 14:22:38,980 - INFO - SELECT employee.name AS employee_name, employee.cpf AS employee_cpf, employee.position AS employee_position, employee.admission_date AS employee_admission_date, employee.department_id AS employee_department_id, employee.id AS employee_id 
FROM employee 
WHERE employee.id = ?
2025-06-08 14:22:38,980 - INFO - [generated in 0.00015s] (0,)
2025-06-08 14:22:38,981 - WARNING - Funcionário com ID 0 não encontrada
2025-06-08 14:22:38,981 - INFO - ROLLBACK
2025-06-08 14:22:48,914 - INFO - BEGIN (implicit)
2025-06-08 14:22:48,914 - INFO - SELECT employee.name AS employee_name, employee.cpf AS employee_cpf, employee.position AS employee_position, employee.admission_date AS employee_admission_date, employee.department_id AS employee_department_id, employee.id AS employee_id 
FROM employee 
WHERE employee.id = ?
2025-06-08 14:22:48,914 - INFO - [cached since 9.935s ago] (1,)
2025-06-08 14:22:48,915 - INFO - INSERT INTO payroll (gross_salary, deductions, net_salary, reference_month, employee_id) VALUES (?, ?, ?, ?, ?)
2025-06-08 14:22:48,915 - INFO - [generated in 0.00014s] (0.0, 0.0, 0.0, 'string', 1)
2025-06-08 14:22:48,916 - INFO - COMMIT
2025-06-08 14:22:48,923 - INFO - BEGIN (implicit)
2025-06-08 14:22:48,924 - INFO - SELECT payroll.gross_salary, payroll.deductions, payroll.net_salary, payroll.reference_month, payroll.id, payroll.employee_id 
FROM payroll 
WHERE payroll.id = ?
2025-06-08 14:22:48,924 - INFO - [generated in 0.00018s] (3,)
2025-06-08 14:22:48,924 - INFO - Folha de Pagamento criada com sucesso: gross_salary=0.0 deductions=0.0 net_salary=0.0 reference_month='string' employee_id=1
2025-06-08 14:22:48,925 - INFO - ROLLBACK
2025-06-08 14:22:53,071 - INFO - BEGIN (implicit)
2025-06-08 14:22:53,071 - INFO - SELECT payroll.gross_salary AS payroll_gross_salary, payroll.deductions AS payroll_deductions, payroll.net_salary AS payroll_net_salary, payroll.reference_month AS payroll_reference_month, payroll.id AS payroll_id, payroll.employee_id AS payroll_employee_id 
FROM payroll
 LIMIT ? OFFSET ?
2025-06-08 14:22:53,071 - INFO - [cached since 24.59s ago] (10, 0)
2025-06-08 14:22:53,071 - INFO - 2 Folhas de pagamentos recuperadas na página 1
2025-06-08 14:22:53,072 - INFO - ROLLBACK
2025-06-08 14:22:56,588 - INFO - BEGIN (implicit)
2025-06-08 14:22:56,589 - INFO - SELECT payroll.gross_salary AS payroll_gross_salary, payroll.deductions AS payroll_deductions, payroll.net_salary AS payroll_net_salary, payroll.reference_month AS payroll_reference_month, payroll.id AS payroll_id, payroll.employee_id AS payroll_employee_id 
FROM payroll
 LIMIT ? OFFSET ?
2025-06-08 14:22:56,589 - INFO - [cached since 28.11s ago] (1, 0)
2025-06-08 14:22:56,589 - INFO - 1 Folhas de pagamentos recuperadas na página 1
2025-06-08 14:22:56,589 - INFO - ROLLBACK
2025-06-08 14:22:59,501 - INFO - BEGIN (implicit)
2025-06-08 14:22:59,501 - INFO - SELECT payroll.gross_salary AS payroll_gross_salary, payroll.deductions AS payroll_deductions, payroll.net_salary AS payroll_net_salary, payroll.reference_month AS payroll_reference_month, payroll.id AS payroll_id, payroll.employee_id AS payroll_employee_id 
FROM payroll
 LIMIT ? OFFSET ?
2025-06-08 14:22:59,501 - INFO - [cached since 31.02s ago] (2, 0)
2025-06-08 14:22:59,501 - INFO - 2 Folhas de pagamentos recuperadas na página 1
2025-06-08 14:22:59,502 - INFO - ROLLBACK
